<?xml version="1.0" encoding="UTF-8"?>
<!-- Generated by org.testng.reporters.JUnitReportReporter -->
<testsuite hostname="Adarsh" failures="0" tests="1" name="com.wsg.tests.RequisitionTest" time="772.622" errors="0" timestamp="2023-02-12T11:38:43 IST" skipped="0">
  <testcase classname="com.wsg.tests.RequisitionTest" name="requisitionCreation" time="772.622"/>
  <system-out/>
</testsuite> <!-- com.wsg.tests.RequisitionTest -->
